2026.04.29 12:41:01 INFO  Started: Metals version 1.6.7 in folders 'C:\Users\Daisha\Downloads\BIyaHero' for client Visual Studio Code 1.117.0.
2026.04.29 12:41:01 INFO  Memory monitor started
2026.04.29 12:41:04 WARN  Using H2 2.4.240 which is newer than the version Flyway has been verified with. The latest verified version of H2 is 2.3.232.
2026.04.29 12:41:05 INFO  no build target found for C:\Users\Daisha\Downloads\BIyaHero\src\main\java\com\biyahero\Launcher.java. Using fallback presentation compiler.
2026.04.29 12:41:26 INFO  no build target found for C:\Users\Daisha\Downloads\BIyaHero\src\main\java\com\biyahero\Launcher.java. Using fallback presentation compiler.
2026.04.29 12:41:26 INFO  no build target found for C:\Users\Daisha\Downloads\BIyaHero\src\main\java\com\biyahero\Launcher.java. Using fallback presentation compiler.
2026.04.29 12:41:26 INFO  no build target found for C:\Users\Daisha\Downloads\BIyaHero\src\main\java\com\biyahero\Launcher.java. Using fallback presentation compiler.
Apr 29, 2026 12:41:26 PM org.eclipse.lsp4j.jsonrpc.RemoteEndpoint handleCancellation
WARNING: Unmatched cancel notification for request id 8
Apr 29, 2026 12:41:26 PM org.eclipse.lsp4j.jsonrpc.RemoteEndpoint handleCancellation
WARNING: Unmatched cancel notification for request id 10
2026.04.29 12:41:26 INFO  no build target found for C:\Users\Daisha\Downloads\BIyaHero\src\main\java\com\biyahero\Launcher.java. Using fallback presentation compiler.
Apr 29, 2026 12:41:27 PM org.eclipse.lsp4j.jsonrpc.RemoteEndpoint handleCancellation
WARNING: Unmatched cancel notification for request id 9
2026.04.29 12:41:32 INFO  running 'C:\Program Files\Eclipse Adoptium\jdk-17.0.13.11-hotspot\bin\java.exe -Dfile.encoding=UTF-8 -Dmaven.multiModuleProjectDirectory=C:\Users\Daisha\Downloads\BIyaHero -Dmaven.home=C:\Users\Daisha\AppData\Local\Temp\metals4155693605277534747 -cp C:\Users\Daisha\AppData\Local\Temp\metals4155693605277534747\maven-wrapper.jar org.apache.maven.wrapper.MavenWrapperMain generate-sources ch.epfl.scala:bloop-maven-plugin:2.0.3:bloopInstall -DdownloadSources=true'
2026.04.29 12:41:35 INFO  no build target found for C:\Users\Daisha\Downloads\BIyaHero\src\main\java\com\biyahero\Launcher.java. Using fallback presentation compiler.
2026.04.29 12:41:36 INFO  [INFO] Scanning for projects...
2026.04.29 12:41:36 INFO  [INFO] 
2026.04.29 12:41:36 INFO  [INFO] -----------------------< com.biyahero:BiyaHero >------------------------
2026.04.29 12:41:36 INFO  [INFO] Building BiyaHero 1.0-SNAPSHOT
2026.04.29 12:41:36 INFO  [INFO]   from pom.xml
2026.04.29 12:41:36 INFO  [INFO] --------------------------------[ jar ]---------------------------------
2026.04.29 12:41:36 INFO  [WARNING] 6 problems were encountered while building the effective model for org.openjfx:javafx-controls:jar:21 during dependency collection step for project (use -X to see details)
2026.04.29 12:41:36 INFO  [INFO] 
2026.04.29 12:41:36 INFO  [INFO] --- bloop:2.0.3:bloopInstall (default-cli) @ BiyaHero ---
2026.04.29 12:41:39 INFO  [ERROR] org.scala-lang:scala([0-9]?)-library is missing from project dependencies
2026.04.29 12:41:39 INFO  [ERROR] org.scala-lang:scala([0-9]?)-library is missing from project dependencies
2026.04.29 12:41:39 INFO  [INFO] Resolving artifact: com.google.protobuf:protobuf-java:jar:3.25.1:compile (sources = false)
2026.04.29 12:41:39 INFO  [INFO] SUCCESS: com.google.protobuf:protobuf-java:jar:3.25.1:compile (sources = false)
2026.04.29 12:41:39 INFO  [INFO] Resolving artifact: com.google.protobuf:protobuf-java:jar:3.25.1:compile (sources = true)
2026.04.29 12:41:39 INFO  [INFO] SUCCESS: com.google.protobuf:protobuf-java:jar:3.25.1:compile (sources = true)
2026.04.29 12:41:39 INFO  [INFO] Resolving artifact: org.openjfx:javafx-controls:jar:21:compile (sources = false)
2026.04.29 12:41:39 INFO  [INFO] SUCCESS: org.openjfx:javafx-controls:jar:21:compile (sources = false)
2026.04.29 12:41:39 INFO  [INFO] Resolving artifact: org.openjfx:javafx-controls:jar:21:compile (sources = true)
2026.04.29 12:41:39 INFO  [INFO] SUCCESS: org.openjfx:javafx-controls:jar:21:compile (sources = true)
2026.04.29 12:41:39 INFO  [INFO] Resolving artifact: org.openjfx:javafx-fxml:jar:win:21:compile (sources = false)
2026.04.29 12:41:39 INFO  [INFO] SUCCESS: org.openjfx:javafx-fxml:jar:win:21:compile (sources = false)
2026.04.29 12:41:39 INFO  [INFO] Resolving artifact: org.openjfx:javafx-fxml:jar:win:21:compile (sources = true)
2026.04.29 12:41:39 INFO  [INFO] SUCCESS: org.openjfx:javafx-fxml:jar:win:21:compile (sources = true)
2026.04.29 12:41:39 INFO  [INFO] Resolving artifact: org.openjfx:javafx-fxml:jar:21:compile (sources = false)
2026.04.29 12:41:39 INFO  [INFO] SUCCESS: org.openjfx:javafx-fxml:jar:21:compile (sources = false)
2026.04.29 12:41:39 INFO  [INFO] Resolving artifact: org.openjfx:javafx-fxml:jar:21:compile (sources = true)
2026.04.29 12:41:39 INFO  [INFO] SUCCESS: org.openjfx:javafx-fxml:jar:21:compile (sources = true)
2026.04.29 12:41:39 INFO  [INFO] Resolving artifact: org.openjfx:javafx-controls:jar:win:21:compile (sources = false)
2026.04.29 12:41:39 INFO  [INFO] SUCCESS: org.openjfx:javafx-controls:jar:win:21:compile (sources = false)
2026.04.29 12:41:39 INFO  [INFO] Resolving artifact: org.openjfx:javafx-controls:jar:win:21:compile (sources = true)
2026.04.29 12:41:39 INFO  [INFO] SUCCESS: org.openjfx:javafx-controls:jar:win:21:compile (sources = true)
2026.04.29 12:41:39 INFO  [INFO] Resolving artifact: com.mysql:mysql-connector-j:jar:8.3.0:compile (sources = false)
2026.04.29 12:41:39 INFO  [INFO] SUCCESS: com.mysql:mysql-connector-j:jar:8.3.0:compile (sources = false)
2026.04.29 12:41:39 INFO  [INFO] Resolving artifact: com.mysql:mysql-connector-j:jar:8.3.0:compile (sources = true)
2026.04.29 12:41:39 INFO  [INFO] SUCCESS: com.mysql:mysql-connector-j:jar:8.3.0:compile (sources = true)
2026.04.29 12:41:39 INFO  [INFO] Resolving artifact: org.openjfx:javafx-base:jar:win:21:compile (sources = false)
2026.04.29 12:41:39 INFO  [INFO] SUCCESS: org.openjfx:javafx-base:jar:win:21:compile (sources = false)
2026.04.29 12:41:39 INFO  [INFO] Resolving artifact: org.openjfx:javafx-base:jar:win:21:compile (sources = true)
2026.04.29 12:41:39 INFO  [INFO] SUCCESS: org.openjfx:javafx-base:jar:win:21:compile (sources = true)
2026.04.29 12:41:39 INFO  [INFO] Resolving artifact: org.openjfx:javafx-graphics:jar:21:compile (sources = false)
2026.04.29 12:41:39 INFO  [INFO] SUCCESS: org.openjfx:javafx-graphics:jar:21:compile (sources = false)
2026.04.29 12:41:39 INFO  [INFO] Resolving artifact: org.openjfx:javafx-graphics:jar:21:compile (sources = true)
2026.04.29 12:41:39 INFO  [INFO] SUCCESS: org.openjfx:javafx-graphics:jar:21:compile (sources = true)
2026.04.29 12:41:39 INFO  [INFO] Resolving artifact: org.openjfx:javafx-base:jar:21:compile (sources = false)
2026.04.29 12:41:39 INFO  [INFO] SUCCESS: org.openjfx:javafx-base:jar:21:compile (sources = false)
2026.04.29 12:41:39 INFO  [INFO] Resolving artifact: org.openjfx:javafx-base:jar:21:compile (sources = true)
2026.04.29 12:41:39 INFO  [INFO] SUCCESS: org.openjfx:javafx-base:jar:21:compile (sources = true)
2026.04.29 12:41:39 INFO  [INFO] Resolving artifact: org.openjfx:javafx-graphics:jar:win:21:compile (sources = false)
2026.04.29 12:41:39 INFO  [INFO] SUCCESS: org.openjfx:javafx-graphics:jar:win:21:compile (sources = false)
2026.04.29 12:41:39 INFO  [INFO] Resolving artifact: org.openjfx:javafx-graphics:jar:win:21:compile (sources = true)
2026.04.29 12:41:39 INFO  [INFO] SUCCESS: org.openjfx:javafx-graphics:jar:win:21:compile (sources = true)
2026.04.29 12:41:39 INFO  [INFO] Generated .bloop\BiyaHero.json
2026.04.29 12:41:39 INFO  [INFO] Resolving artifact: com.google.protobuf:protobuf-java:jar:3.25.1:compile (sources = false)
2026.04.29 12:41:39 INFO  [INFO] SUCCESS: com.google.protobuf:protobuf-java:jar:3.25.1:compile (sources = false)
2026.04.29 12:41:39 INFO  [INFO] Resolving artifact: com.google.protobuf:protobuf-java:jar:3.25.1:compile (sources = true)
2026.04.29 12:41:39 INFO  [INFO] SUCCESS: com.google.protobuf:protobuf-java:jar:3.25.1:compile (sources = true)
2026.04.29 12:41:39 INFO  [INFO] Resolving artifact: org.openjfx:javafx-controls:jar:21:compile (sources = false)
2026.04.29 12:41:39 INFO  [INFO] SUCCESS: org.openjfx:javafx-controls:jar:21:compile (sources = false)
2026.04.29 12:41:39 INFO  [INFO] Resolving artifact: org.openjfx:javafx-controls:jar:21:compile (sources = true)
2026.04.29 12:41:39 INFO  [INFO] SUCCESS: org.openjfx:javafx-controls:jar:21:compile (sources = true)
2026.04.29 12:41:39 INFO  [INFO] Resolving artifact: org.openjfx:javafx-fxml:jar:win:21:compile (sources = false)
2026.04.29 12:41:39 INFO  [INFO] SUCCESS: org.openjfx:javafx-fxml:jar:win:21:compile (sources = false)
2026.04.29 12:41:39 INFO  [INFO] Resolving artifact: org.openjfx:javafx-fxml:jar:win:21:compile (sources = true)
2026.04.29 12:41:39 INFO  [INFO] SUCCESS: org.openjfx:javafx-fxml:jar:win:21:compile (sources = true)
2026.04.29 12:41:39 INFO  [INFO] Resolving artifact: org.openjfx:javafx-fxml:jar:21:compile (sources = false)
2026.04.29 12:41:39 INFO  [INFO] SUCCESS: org.openjfx:javafx-fxml:jar:21:compile (sources = false)
2026.04.29 12:41:39 INFO  [INFO] Resolving artifact: org.openjfx:javafx-fxml:jar:21:compile (sources = true)
2026.04.29 12:41:39 INFO  [INFO] SUCCESS: org.openjfx:javafx-fxml:jar:21:compile (sources = true)
2026.04.29 12:41:39 INFO  [INFO] Resolving artifact: org.openjfx:javafx-controls:jar:win:21:compile (sources = false)
2026.04.29 12:41:39 INFO  [INFO] SUCCESS: org.openjfx:javafx-controls:jar:win:21:compile (sources = false)
2026.04.29 12:41:39 INFO  [INFO] Resolving artifact: org.openjfx:javafx-controls:jar:win:21:compile (sources = true)
2026.04.29 12:41:39 INFO  [INFO] SUCCESS: org.openjfx:javafx-controls:jar:win:21:compile (sources = true)
2026.04.29 12:41:39 INFO  [INFO] Resolving artifact: com.mysql:mysql-connector-j:jar:8.3.0:compile (sources = false)
2026.04.29 12:41:39 INFO  [INFO] SUCCESS: com.mysql:mysql-connector-j:jar:8.3.0:compile (sources = false)
2026.04.29 12:41:39 INFO  [INFO] Resolving artifact: com.mysql:mysql-connector-j:jar:8.3.0:compile (sources = true)
2026.04.29 12:41:39 INFO  [INFO] SUCCESS: com.mysql:mysql-connector-j:jar:8.3.0:compile (sources = true)
2026.04.29 12:41:39 INFO  [INFO] Resolving artifact: org.openjfx:javafx-base:jar:win:21:compile (sources = false)
2026.04.29 12:41:39 INFO  [INFO] SUCCESS: org.openjfx:javafx-base:jar:win:21:compile (sources = false)
2026.04.29 12:41:39 INFO  [INFO] Resolving artifact: org.openjfx:javafx-base:jar:win:21:compile (sources = true)
2026.04.29 12:41:39 INFO  [INFO] SUCCESS: org.openjfx:javafx-base:jar:win:21:compile (sources = true)
2026.04.29 12:41:39 INFO  [INFO] Resolving artifact: org.openjfx:javafx-graphics:jar:21:compile (sources = false)
2026.04.29 12:41:39 INFO  [INFO] SUCCESS: org.openjfx:javafx-graphics:jar:21:compile (sources = false)
2026.04.29 12:41:39 INFO  [INFO] Resolving artifact: org.openjfx:javafx-graphics:jar:21:compile (sources = true)
2026.04.29 12:41:39 INFO  [INFO] SUCCESS: org.openjfx:javafx-graphics:jar:21:compile (sources = true)
2026.04.29 12:41:39 INFO  [INFO] Resolving artifact: org.openjfx:javafx-base:jar:21:compile (sources = false)
2026.04.29 12:41:39 INFO  [INFO] SUCCESS: org.openjfx:javafx-base:jar:21:compile (sources = false)
2026.04.29 12:41:39 INFO  [INFO] Resolving artifact: org.openjfx:javafx-base:jar:21:compile (sources = true)
2026.04.29 12:41:39 INFO  [INFO] SUCCESS: org.openjfx:javafx-base:jar:21:compile (sources = true)
2026.04.29 12:41:39 INFO  [INFO] Resolving artifact: org.openjfx:javafx-graphics:jar:win:21:compile (sources = false)
2026.04.29 12:41:39 INFO  [INFO] SUCCESS: org.openjfx:javafx-graphics:jar:win:21:compile (sources = false)
2026.04.29 12:41:39 INFO  [INFO] Resolving artifact: org.openjfx:javafx-graphics:jar:win:21:compile (sources = true)
2026.04.29 12:41:39 INFO  [INFO] SUCCESS: org.openjfx:javafx-graphics:jar:win:21:compile (sources = true)
2026.04.29 12:41:39 INFO  [INFO] Generated .bloop\BiyaHero-test.json
2026.04.29 12:41:39 INFO  [INFO] ------------------------------------------------------------------------
2026.04.29 12:41:39 INFO  [INFO] BUILD SUCCESS
2026.04.29 12:41:39 INFO  [INFO] ------------------------------------------------------------------------
2026.04.29 12:41:39 INFO  [INFO] Total time:  4.187 s
2026.04.29 12:41:39 INFO  [INFO] Finished at: 2026-04-29T12:41:40+08:00
2026.04.29 12:41:39 INFO  [INFO] ------------------------------------------------------------------------
2026.04.29 12:41:40 INFO  time: ran 'mvn bloopInstall' in 8.38s
2026.04.29 12:41:40 INFO  Attempting to connect to the build server...
2026.04.29 12:41:40 INFO  Found a Bloop server running
2026.04.29 12:41:41 INFO  tracing is disabled for protocol BSP, to enable tracing of incoming and outgoing JSON messages create an empty file at C:\Users\Daisha\Downloads\BIyaHero\.metals\bsp.trace.json or C:\Users\Daisha\AppData\Local\scalameta\metals\cache\bsp.trace.json
2026.04.29 12:41:41 INFO  time: Connected to build server in 1.22s
2026.04.29 12:41:41 INFO  Connected to Build server: Bloop v2.0.19
2026.04.29 12:41:41 INFO  time: Imported build in 0.33s
2026.04.29 12:41:50 WARN  Using H2 2.4.240 which is newer than the version Flyway has been verified with. The latest verified version of H2 is 2.3.232.
Apr 29, 2026 12:42:01 PM org.eclipse.lsp4j.jsonrpc.services.GenericEndpoint notify
INFO: Unsupported notification method: $/setTrace
2026.04.29 12:42:06 INFO  time: indexed workspace in 24s
2026.04.29 12:42:06 INFO  compiling biyahero (56 java sources)
2026.04.29 12:42:16 INFO  time: compiled BiyaHero in 9.29s
Apr 29, 2026 12:45:49 PM org.eclipse.lsp4j.jsonrpc.RemoteEndpoint handleCancellation
WARNING: Unmatched cancel notification for request id 23
2026.04.29 12:48:37 WARN  Could not load snapshot text for C:\Users\Daisha\Downloads\BIyaHero\src\main\java\com\biyahero\controller\ReportsController.java
2026.04.29 12:48:38 WARN  Could not load snapshot text for C:\Users\Daisha\Downloads\BIyaHero\src\main\java\com\biyahero\controller\ReportsController.java
2026.04.29 12:48:43 WARN  Could not load snapshot text for C:\Users\Daisha\Downloads\BIyaHero\src\main\java\com\biyahero\controller\ReportsController.java
2026.04.29 12:50:56 INFO  Created report: Optional[file:///C:/Users/Daisha/Downloads/BIyaHero/src/main/java/com/biyahero/service/FileService.java]
2026.04.29 12:50:56 INFO  QDox parse error in file:///C:/Users/Daisha/Downloads/BIyaHero/src/main/java/com/biyahero/service/FileService.java (full report at: "C:\Users\Daisha\Downloads\BIyaHero\.metals\.reports\metals-full\2026-04-29\r_qdox-error_(BiyaHero)_12-50-56-852.md")
2026.04.29 12:50:57 INFO  compiling biyahero (1 java source)
2026.04.29 12:50:59 INFO  time: compiled BiyaHero in 2.03s
Apr 29, 2026 12:53:33 PM org.eclipse.lsp4j.jsonrpc.RemoteEndpoint handleCancellation
WARNING: Unmatched cancel notification for request id 195
Apr 29, 2026 12:53:33 PM org.eclipse.lsp4j.jsonrpc.RemoteEndpoint handleCancellation
WARNING: Unmatched cancel notification for request id 196
Apr 29, 2026 12:53:36 PM org.eclipse.lsp4j.jsonrpc.RemoteEndpoint handleCancellation
WARNING: Unmatched cancel notification for request id 202
Apr 29, 2026 12:53:42 PM org.eclipse.lsp4j.jsonrpc.RemoteEndpoint handleCancellation
WARNING: Unmatched cancel notification for request id 218
Apr 29, 2026 12:53:45 PM org.eclipse.lsp4j.jsonrpc.RemoteEndpoint handleCancellation
WARNING: Unmatched cancel notification for request id 220
2026.04.29 12:54:44 WARN  Could not load snapshot text for C:\Users\Daisha\Downloads\BIyaHero\src\main\java\com\biyahero\controller\ReportsController.java
2026.04.29 12:54:45 WARN  Could not load snapshot text for C:\Users\Daisha\Downloads\BIyaHero\src\main\java\com\biyahero\controller\ReportsController.java
2026.04.29 12:54:47 INFO  compiling biyahero (1 java source)
2026.04.29 12:54:51 WARN  javac exited with exit code 1
2026.04.29 12:54:51 INFO  time: compiled BiyaHero in 4.18s
2026.04.29 12:54:52 WARN  Could not load snapshot text for C:\Users\Daisha\Downloads\BIyaHero\src\main\java\com\biyahero\controller\ReportsController.java
Apr 29, 2026 12:55:06 PM org.eclipse.lsp4j.jsonrpc.RemoteEndpoint handleCancellation
WARNING: Unmatched cancel notification for request id 293
2026.04.29 12:55:08 INFO  compiling biyahero (2 java sources)
Apr 29, 2026 12:55:11 PM org.eclipse.lsp4j.jsonrpc.RemoteEndpoint handleCancellation
WARNING: Unmatched cancel notification for request id 304
2026.04.29 12:55:11 WARN  Could not load snapshot text for C:\Users\Daisha\Downloads\BIyaHero\src\main\java\com\biyahero\controller\ReportsController.java
2026.04.29 12:55:12 WARN  javac exited with exit code 1
2026.04.29 12:55:12 INFO  time: compiled BiyaHero in 4.48s
2026.04.29 12:55:13 WARN  Could not load snapshot text for C:\Users\Daisha\Downloads\BIyaHero\src\main\java\com\biyahero\controller\ReportsController.java
Apr 29, 2026 12:55:29 PM org.eclipse.lsp4j.jsonrpc.RemoteEndpoint handleCancellation
WARNING: Unmatched cancel notification for request id 317
Apr 29, 2026 12:59:37 PM org.eclipse.lsp4j.jsonrpc.services.GenericEndpoint notify
INFO: Unsupported notification method: $/setTrace
Apr 29, 2026 12:59:59 PM org.eclipse.lsp4j.jsonrpc.RemoteEndpoint handleCancellation
WARNING: Unmatched cancel notification for request id 339
2026.04.29 13:00:59 INFO  running 'C:\Program Files\Eclipse Adoptium\jdk-17.0.13.11-hotspot\bin\java.exe -Dfile.encoding=UTF-8 -Dmaven.multiModuleProjectDirectory=C:\Users\Daisha\Downloads\BIyaHero -Dmaven.home=C:\Users\Daisha\AppData\Local\Temp\metals9485600533023851540 -cp C:\Users\Daisha\AppData\Local\Temp\metals9485600533023851540\maven-wrapper.jar org.apache.maven.wrapper.MavenWrapperMain generate-sources ch.epfl.scala:bloop-maven-plugin:2.0.3:bloopInstall -DdownloadSources=true'
